 
****************************************
Report : area
Design : BoomTile
Version: U-2022.12-SP2
Date   : Mon Jun  3 07:19:09 2024
****************************************

Information: Updating design information... (UID-85)
Library(s) Used:

    saed14rvt_ss0p72v125c (File: /local/scratch/kits/synopsys_14/lib/stdcell_rvt/db_nldm/saed14rvt_ss0p72v125c.db)
    saed14sram_ss0p72v125c (File: /home/zj266/workspace/GC_Backend/src/ChipTop/saed14sram_ss0p72v125c_256x64.db)
    saed14sram_ss0p72v125c (File: /home/zj266/workspace/GC_Backend/src/ChipTop/saed14sram_ss0p72v125c_32x128.db)
    saed14sram_ss0p72v125c (File: /home/zj266/workspace/GC_Backend/src/ChipTop/saed14sram_ss0p72v125c_64x256.db)
    saed14sram_ss0p72v125c (File: /home/zj266/workspace/GC_Backend/src/ChipTop/saed14sram_ss0p72v125c_256x8.db)
    saed14sram_ss0p72v125c (File: /home/zj266/workspace/GC_Backend/src/ChipTop/saed14sram_ss0p72v125c_128x64.db)
    saed14sram_ss0p72v125c (File: /home/zj266/workspace/GC_Backend/src/ChipTop/saed14sram_ss0p72v125c_128x128.db)
    saed14sram_ss0p72v125c (File: /home/zj266/workspace/GC_Backend/src/ChipTop/saed14sram_ss0p72v125c_128x4.db)
    saed14sram_ss0p72v125c (File: /home/zj266/workspace/GC_Backend/src/ChipTop/saed14sram_ss0p72v125c_256x4.db)
    saed14sram_ss0p72v125c (File: /home/zj266/workspace/GC_Backend/src/ChipTop/saed14sram_ss0p72v125c_256x128.db)

Number of ports:                       242172
Number of nets:                        752829
Number of cells:                       594413
Number of combinational cells:         494393
Number of sequential cells:             99469
Number of macros/black boxes:              94
Number of buf/inv:                      48483
Number of references:                      10

Combinational area:             158843.751168
Buf/Inv area:                     9947.109589
Noncombinational area:           92580.880800
Macro/Black Box area:           236354.732666
Net Interconnect area:         1871795.674017

Total cell area:                487779.364634
Total area:                    2359575.038651

Hierarchical area distribution
------------------------------

                                  Global cell area                Local cell area
                                  --------------------  ------------------------------------ 
Hierarchical cell                 Absolute     Percent  Combi-       Noncombi-   Black-
                                  Total        Total    national     national    boxes        Design
--------------------------------  -----------  -------  -----------  ----------  -----------  -------------------------------
BoomTile                          487779.3646    100.0       0.8880      0.0000       0.0000  BoomTile
core                              148028.9667     30.3     618.5364    555.7104       0.0000  BoomCore
core/FpPipeline                    37231.6195      7.6     253.7904     68.9976       0.0000  FpPipeline
core/FpPipeline/fp_issue_unit       6196.2420      1.3    2361.2364      2.7972       0.0000  IssueUnitCollapsing
core/FpPipeline/fp_issue_unit/slots_0    156.6876     0.0     76.5012    80.1864      0.0000  IssueSlot_23
core/FpPipeline/fp_issue_unit/slots_1    159.4404     0.0     79.2540    80.1864      0.0000  IssueSlot_22
core/FpPipeline/fp_issue_unit/slots_10    160.1508     0.0     79.9644    80.1864      0.0000 IssueSlot_13
core/FpPipeline/fp_issue_unit/slots_11    160.1952     0.0     80.0088    80.1864      0.0000 IssueSlot_12
core/FpPipeline/fp_issue_unit/slots_12    160.1508     0.0     79.9644    80.1864      0.0000 IssueSlot_11
core/FpPipeline/fp_issue_unit/slots_13    159.4404     0.0     79.2540    80.1864      0.0000 IssueSlot_10
core/FpPipeline/fp_issue_unit/slots_14    159.3960     0.0     79.2096    80.1864      0.0000 IssueSlot_9
core/FpPipeline/fp_issue_unit/slots_15    160.2840     0.0     80.0976    80.1864      0.0000 IssueSlot_8
core/FpPipeline/fp_issue_unit/slots_16    160.1508     0.0     79.9644    80.1864      0.0000 IssueSlot_7
core/FpPipeline/fp_issue_unit/slots_17    159.3960     0.0     79.2096    80.1864      0.0000 IssueSlot_6
core/FpPipeline/fp_issue_unit/slots_18    159.3960     0.0     79.2096    80.1864      0.0000 IssueSlot_5
core/FpPipeline/fp_issue_unit/slots_19    159.4404     0.0     79.2540    80.1864      0.0000 IssueSlot_4
core/FpPipeline/fp_issue_unit/slots_2    160.2396     0.0     80.0532    80.1864      0.0000  IssueSlot_21
core/FpPipeline/fp_issue_unit/slots_20    159.3960     0.0     79.2096    80.1864      0.0000 IssueSlot_3
core/FpPipeline/fp_issue_unit/slots_21    160.1952     0.0     80.0088    80.1864      0.0000 IssueSlot_2
core/FpPipeline/fp_issue_unit/slots_22    159.4404     0.0     79.2540    80.1864      0.0000 IssueSlot_1
core/FpPipeline/fp_issue_unit/slots_23    159.1740     0.0     78.9876    80.1864      0.0000 IssueSlot_0
core/FpPipeline/fp_issue_unit/slots_3    160.1508     0.0     79.9644    80.1864      0.0000  IssueSlot_20
core/FpPipeline/fp_issue_unit/slots_4    160.1508     0.0     79.9644    80.1864      0.0000  IssueSlot_19
core/FpPipeline/fp_issue_unit/slots_5    159.4404     0.0     79.2540    80.1864      0.0000  IssueSlot_18
core/FpPipeline/fp_issue_unit/slots_6    160.1508     0.0     79.9644    80.1864      0.0000  IssueSlot_17
core/FpPipeline/fp_issue_unit/slots_7    159.4404     0.0     79.2540    80.1864      0.0000  IssueSlot_16
core/FpPipeline/fp_issue_unit/slots_8    160.1508     0.0     79.9644    80.1864      0.0000  IssueSlot_15
core/FpPipeline/fp_issue_unit/slots_9    160.1508     0.0     79.9644    80.1864      0.0000  IssueSlot_14
core/FpPipeline/fpu_exe_unit       16147.0810      3.3     255.5220      0.0000       0.0000  FPUExeUnit
core/FpPipeline/fpu_exe_unit/FDivSqrtUnit   5264.3747     1.1    252.9912   289.0440      0.0000 FDivSqrtUnit
core/FpPipeline/fpu_exe_unit/FDivSqrtUnit/divsqrt   4590.6935     0.9      0.8436     0.0000      0.0000 DivSqrtRecF64
core/FpPipeline/fpu_exe_unit/FDivSqrtUnit/divsqrt/ds   1574.7792     0.3      0.0000     0.0000      0.0000 DivSqrtRecF64_mulAddZ31
core/FpPipeline/fpu_exe_unit/FDivSqrtUnit/divsqrt/ds/divSqrtRecF64ToRaw   1385.8128     0.3    792.8064   593.0064      0.0000 DivSqrtRecF64ToRaw_mulAddZ31
core/FpPipeline/fpu_exe_unit/FDivSqrtUnit/divsqrt/ds/roundRawFNToRecFN    188.9664     0.0      0.0000     0.0000      0.0000 RoundRawFNToRecFN_2
core/FpPipeline/fpu_exe_unit/FDivSqrtUnit/divsqrt/ds/roundRawFNToRecFN/roundAnyRawFNToRecFN    188.9664     0.0    188.9664     0.0000      0.0000 RoundAnyRawFNToRecFN_7
core/FpPipeline/fpu_exe_unit/FDivSqrtUnit/divsqrt/mul   3015.0707     0.6   2713.9055   301.1652      0.0000 Mul54
core/FpPipeline/fpu_exe_unit/FDivSqrtUnit/downvert_d2s    105.5388     0.0      2.0424     0.0000      0.0000 RecFNToRecFN_2
core/FpPipeline/fpu_exe_unit/FDivSqrtUnit/downvert_d2s/roundAnyRawFNToRecFN    103.4964     0.0    103.4964     0.0000      0.0000 RoundAnyRawFNToRecFN_4_1
core/FpPipeline/fpu_exe_unit/FDivSqrtUnit/fdiv_decoder      2.5752     0.0      2.5752     0.0000      0.0000 UOPCodeFDivDecoder
core/FpPipeline/fpu_exe_unit/FDivSqrtUnit/in1_upconvert_s2d     11.7660     0.0      2.1312     0.0000      0.0000 RecFNToRecFN_1_1
core/FpPipeline/fpu_exe_unit/FDivSqrtUnit/in1_upconvert_s2d/roundAnyRawFNToRecFN      9.6348     0.0      9.6348     0.0000      0.0000 RoundAnyRawFNToRecFN_5_1
core/FpPipeline/fpu_exe_unit/FDivSqrtUnit/in2_upconvert_s2d     11.7660     0.0      2.1312     0.0000      0.0000 RecFNToRecFN_1_0
core/FpPipeline/fpu_exe_unit/FDivSqrtUnit/in2_upconvert_s2d/roundAnyRawFNToRecFN      9.6348     0.0      9.6348     0.0000      0.0000 RoundAnyRawFNToRecFN_5_0
core/FpPipeline/fpu_exe_unit/FPUUnit   8613.9551     1.8     58.9632   182.7504       0.0000  FPUUnit
core/FpPipeline/fpu_exe_unit/FPUUnit/fpu   8372.2415     1.7    265.2012   194.8716      0.0000 FPU
core/FpPipeline/fpu_exe_unit/FPUUnit/fpu/dfma   4698.9407     1.0    132.8448   252.6804      0.0000 FPUFMAPipe
core/FpPipeline/fpu_exe_unit/FPUUnit/fpu/dfma/fma   4313.4155     0.9   2656.3187   257.3424      0.0000 MulAddRecFNPipe
core/FpPipeline/fpu_exe_unit/FPUUnit/fpu/dfma/fma/mulAddRecFNToRaw_postMul    825.4848     0.2    825.4848     0.0000      0.0000 MulAddRecFNToRaw_postMul
core/FpPipeline/fpu_exe_unit/FPUUnit/fpu/dfma/fma/mulAddRecFNToRaw_preMul    350.3160     0.1    350.3160     0.0000      0.0000 MulAddRecFNToRaw_preMul
core/FpPipeline/fpu_exe_unit/FPUUnit/fpu/dfma/fma/roundRawFNToRecFN    223.9536     0.0      0.0000     0.0000      0.0000 RoundRawFNToRecFN
core/FpPipeline/fpu_exe_unit/FPUUnit/fpu/dfma/fma/roundRawFNToRecFN/roundAnyRawFNToRecFN    223.9536     0.0    223.9536     0.0000      0.0000 RoundAnyRawFNToRecFN_2
core/FpPipeline/fpu_exe_unit/FPUUnit/fpu/dfma_io_in_bits_fma_decoder      4.1736     0.0      4.1736     0.0000      0.0000 FMADecoder_1
core/FpPipeline/fpu_exe_unit/FPUUnit/fpu/fp_decoder     13.7196     0.0     13.7196     0.0000      0.0000 UOPCodeFPUDecoder_0
core/FpPipeline/fpu_exe_unit/FPUUnit/fpu/fpiu    895.1040     0.2    354.3564   129.6036      0.0000 FPToInt
core/FpPipeline/fpu_exe_unit/FPUUnit/fpu/fpiu/conv    286.2468     0.1    286.2468     0.0000      0.0000 RecFNToIN
core/FpPipeline/fpu_exe_unit/FPUUnit/fpu/fpiu/dcmp     87.2016     0.0     87.2016     0.0000      0.0000 CompareRecFN
core/FpPipeline/fpu_exe_unit/FPUUnit/fpu/fpiu/narrow     37.6956     0.0     37.6956     0.0000      0.0000 RecFNToIN_1
core/FpPipeline/fpu_exe_unit/FPUUnit/fpu/fpmu    643.7112     0.1    211.9656   323.5428      0.0000 FPToFP
core/FpPipeline/fpu_exe_unit/FPUUnit/fpu/fpmu/narrower    108.2028     0.0      2.4420     0.0000      0.0000 RecFNToRecFN_0
core/FpPipeline/fpu_exe_unit/FPUUnit/fpu/fpmu/narrower/roundAnyRawFNToRecFN    105.7608     0.0    105.7608     0.0000      0.0000 RoundAnyRawFNToRecFN_4_0
core/FpPipeline/fpu_exe_unit/FPUUnit/fpu/sfma   1652.3460     0.3     68.8200   133.3332      0.0000 FPUFMAPipe_1
core/FpPipeline/fpu_exe_unit/FPUUnit/fpu/sfma/fma   1450.1928     0.3    667.6872   142.6572      0.0000 MulAddRecFNPipe_1
core/FpPipeline/fpu_exe_unit/FPUUnit/fpu/sfma/fma/mulAddRecFNToRaw_postMul    357.3756     0.1    357.3756     0.0000      0.0000 MulAddRecFNToRaw_postMul_1
core/FpPipeline/fpu_exe_unit/FPUUnit/fpu/sfma/fma/mulAddRecFNToRaw_preMul    168.8088     0.0    168.8088     0.0000      0.0000 MulAddRecFNToRaw_preMul_1
core/FpPipeline/fpu_exe_unit/FPUUnit/fpu/sfma/fma/roundRawFNToRecFN    113.6640     0.0      0.0000     0.0000      0.0000 RoundRawFNToRecFN_1
core/FpPipeline/fpu_exe_unit/FPUUnit/fpu/sfma/fma/roundRawFNToRecFN/roundAnyRawFNToRecFN    113.6640     0.0    113.6640     0.0000      0.0000 RoundAnyRawFNToRecFN_3
core/FpPipeline/fpu_exe_unit/FPUUnit/fpu/sfma_io_in_bits_fma_decoder      4.1736     0.0      4.1736     0.0000      0.0000 FMADecoder_0
core/FpPipeline/fpu_exe_unit/fp_sdq    637.8948     0.1    180.8856    136.1304       0.0000  BranchKillableQueue_7
core/FpPipeline/fpu_exe_unit/fp_sdq/ram_ext    320.8788     0.1    141.8580   179.0208      0.0000 ram_3x79
core/FpPipeline/fpu_exe_unit/queue   1325.5176     0.3     312.0432    313.2864       0.0000  BranchKillableQueue_6
core/FpPipeline/fpu_exe_unit/queue/ram_ext    700.1880     0.1    282.4728   417.7152      0.0000 ram_7x79
core/FpPipeline/fpu_exe_unit/resp_arb     49.8168     0.0     49.8168     0.0000      0.0000  Arbiter_16_0
core/FpPipeline/fregfile           14125.5046      2.9       1.1544     19.5804       0.0000  RegisterFileSynthesizable
core/FpPipeline/fregfile/regfile_ext  14104.7698     2.9   8286.5938  5818.1759       0.0000  regfile_96x65
core/FpPipeline/fregister_read       400.1328      0.1     107.2704    289.0440       0.0000  RegisterRead
core/FpPipeline/fregister_read/rrd_decode_unit      3.8184     0.0      3.8184     0.0000      0.0000 RegisterReadDecode
core/FpPipeline/ll_wbarb              39.8712      0.0      39.8712      0.0000       0.0000  Arbiter_16_1
core/alu_exe_unit                   1865.9100      0.4      42.4908      0.0000       0.0000  ALUExeUnit_1
core/alu_exe_unit/ALUUnit            834.8532      0.2     297.3024     93.2400       0.0000  ALUUnit
core/alu_exe_unit/ALUUnit/alu        444.3108      0.1     444.3108      0.0000       0.0000  ALU_2
core/alu_exe_unit/DivUnit            988.5660      0.2      29.4372     32.6340       0.0000  DivUnit
core/alu_exe_unit/DivUnit/div        926.4948      0.2     731.8008    194.6940       0.0000  MulDiv
core/alu_exe_unit_1                 2910.2868      0.6       4.3512      0.0000       0.0000  ALUExeUnit_2
core/alu_exe_unit_1/ALUUnit          734.8644      0.2     183.6384    107.3148       0.0000  ALUUnit_1
core/alu_exe_unit_1/ALUUnit/alu      443.9112      0.1     443.9112      0.0000       0.0000  ALU_1
core/alu_exe_unit_1/IntToFPUnit     1224.6852      0.3      49.2840     82.9836       0.0000  IntToFPUnit
core/alu_exe_unit_1/IntToFPUnit/fp_decoder      8.3916     0.0      8.3916     0.0000      0.0000 UOPCodeFPUDecoder_1
core/alu_exe_unit_1/IntToFPUnit/ifpu   1084.0260     0.2    348.3180   129.6036       0.0000  IntToFP
core/alu_exe_unit_1/IntToFPUnit/ifpu/i2f    287.9784     0.1    249.1728     0.0000      0.0000 INToRecFN
core/alu_exe_unit_1/IntToFPUnit/ifpu/i2f/roundAnyRawFNToRecFN     38.8056     0.0     38.8056     0.0000      0.0000 RoundAnyRawFNToRecFN
core/alu_exe_unit_1/IntToFPUnit/ifpu/i2f_1    318.1260     0.1    249.1728     0.0000      0.0000 INToRecFN_1
core/alu_exe_unit_1/IntToFPUnit/ifpu/i2f_1/roundAnyRawFNToRecFN     68.9532     0.0     68.9532     0.0000      0.0000 RoundAnyRawFNToRecFN_1
core/alu_exe_unit_1/queue            946.3860      0.2     183.3720    160.3728       0.0000  BranchKillableQueue_5
core/alu_exe_unit_1/queue/ram_ext    602.6412      0.1     257.6532    344.9880       0.0000  ram_5x79
core/alu_exe_unit_2                 5053.3415      1.0      41.8248      0.0000       0.0000  ALUExeUnit_3
core/alu_exe_unit_2/ALUUnit          934.4868      0.2     208.9908    281.5848       0.0000  ALUUnit_2
core/alu_exe_unit_2/ALUUnit/alu      443.9112      0.1     443.9112      0.0000       0.0000  ALU_0
core/alu_exe_unit_2/PipelinedMulUnit   4077.0299     0.8     40.4928   100.6992       0.0000  PipelinedMulUnit
core/alu_exe_unit_2/PipelinedMulUnit/imul   3935.8379     0.8   3692.4815   243.3564      0.0000 PipelinedMultiplier
core/csr                            2048.1276      0.4    1223.9304    824.1972       0.0000  CSRFile
core/dec_brmask_logic                100.7436      0.0      85.8252     14.9184       0.0000  BranchMaskGenerationLogic
core/decode_units_0                  136.2636      0.0     136.2636      0.0000       0.0000  DecodeUnit_2
core/decode_units_1                  136.2636      0.0     136.2636      0.0000       0.0000  DecodeUnit_1
core/decode_units_2                  136.2636      0.0     136.2636      0.0000       0.0000  DecodeUnit_0
core/dispatcher                        3.8628      0.0       3.8628      0.0000       0.0000  BasicDispatcher
core/fp_rename_stage               14499.3527      3.0     363.7248    173.4264       0.0000  RenameStage_1
core/fp_rename_stage/busytable       549.9828      0.1     460.4724     89.5104       0.0000  RenameBusyTable_1
core/fp_rename_stage/freelist       4063.8876      0.8    2535.6840   1528.2036       0.0000  RenameFreeList_1
core/fp_rename_stage/maptable       9348.3312      1.9    5797.7520   3550.5792       0.0000  RenameMapTable_1
core/ftq_arb                           4.3956      0.0       4.3956      0.0000       0.0000  Arbiter_19
core/int_issue_unit                17291.6243      3.5    7174.6403      2.7972       0.0000  IssueUnitCollapsing_2
core/int_issue_unit/slots_0          310.4004      0.1     177.9996    132.4008       0.0000  IssueSlot_24_31
core/int_issue_unit/slots_1          315.9948      0.1     183.5940    132.4008       0.0000  IssueSlot_24_30
core/int_issue_unit/slots_10         315.5508      0.1     183.1500    132.4008       0.0000  IssueSlot_24_21
core/int_issue_unit/slots_11         316.7940      0.1     184.3932    132.4008       0.0000  IssueSlot_24_20
core/int_issue_unit/slots_12         315.8172      0.1     183.4164    132.4008       0.0000  IssueSlot_24_19
core/int_issue_unit/slots_13         317.0604      0.1     184.6596    132.4008       0.0000  IssueSlot_24_18
core/int_issue_unit/slots_14         315.2844      0.1     182.8836    132.4008       0.0000  IssueSlot_24_17
core/int_issue_unit/slots_15         316.7940      0.1     184.3932    132.4008       0.0000  IssueSlot_24_16
core/int_issue_unit/slots_16         315.0180      0.1     182.6172    132.4008       0.0000  IssueSlot_24_15
core/int_issue_unit/slots_17         317.0604      0.1     184.6596    132.4008       0.0000  IssueSlot_24_14
core/int_issue_unit/slots_18         315.0180      0.1     182.6172    132.4008       0.0000  IssueSlot_24_13
core/int_issue_unit/slots_19         317.0604      0.1     184.6596    132.4008       0.0000  IssueSlot_24_12
core/int_issue_unit/slots_2          315.2844      0.1     182.8836    132.4008       0.0000  IssueSlot_24_29
core/int_issue_unit/slots_20         315.8172      0.1     183.4164    132.4008       0.0000  IssueSlot_24_11
core/int_issue_unit/slots_21         317.0604      0.1     184.6596    132.4008       0.0000  IssueSlot_24_10
core/int_issue_unit/slots_22         315.0180      0.1     182.6172    132.4008       0.0000  IssueSlot_24_9
core/int_issue_unit/slots_23         316.7940      0.1     184.3932    132.4008       0.0000  IssueSlot_24_8
core/int_issue_unit/slots_24         315.2844      0.1     182.8836    132.4008       0.0000  IssueSlot_24_7
core/int_issue_unit/slots_25         316.7940      0.1     184.3932    132.4008       0.0000  IssueSlot_24_6
core/int_issue_unit/slots_26         315.2844      0.1     182.8836    132.4008       0.0000  IssueSlot_24_5
core/int_issue_unit/slots_27         317.3268      0.1     184.9260    132.4008       0.0000  IssueSlot_24_4
core/int_issue_unit/slots_28         316.3500      0.1     183.9492    132.4008       0.0000  IssueSlot_24_3
core/int_issue_unit/slots_29         315.8172      0.1     183.4164    132.4008       0.0000  IssueSlot_24_2
core/int_issue_unit/slots_3          316.7940      0.1     184.3932    132.4008       0.0000  IssueSlot_24_28
core/int_issue_unit/slots_30         316.7940      0.1     184.3932    132.4008       0.0000  IssueSlot_24_1
core/int_issue_unit/slots_31         318.6144      0.1     186.2136    132.4008       0.0000  IssueSlot_24_0
core/int_issue_unit/slots_4          315.8172      0.1     183.4164    132.4008       0.0000  IssueSlot_24_27
core/int_issue_unit/slots_5          316.5276      0.1     184.1268    132.4008       0.0000  IssueSlot_24_26
core/int_issue_unit/slots_6          315.2844      0.1     182.8836    132.4008       0.0000  IssueSlot_24_25
core/int_issue_unit/slots_7          316.5276      0.1     184.1268    132.4008       0.0000  IssueSlot_24_24
core/int_issue_unit/slots_8          316.0836      0.1     183.6828    132.4008       0.0000  IssueSlot_24_23
core/int_issue_unit/slots_9          317.0604      0.1     184.6596    132.4008       0.0000  IssueSlot_24_22
core/iregfile                      27694.4995      5.7     837.5172     52.2144       0.0000  RegisterFileSynthesizable_1
core/iregfile/regfile_ext          26804.7679      5.5   20837.4080   5967.3599       0.0000  regfile_100x64
core/iregister_read                 2661.7356      0.5    1196.0472   1358.5068       0.0000  RegisterRead_1
core/iregister_read/rrd_decode_unit      8.0808     0.0      8.0808      0.0000       0.0000  RegisterReadDecode_1
core/iregister_read/rrd_decode_unit_1     34.1880     0.0     34.1880     0.0000      0.0000  RegisterReadDecode_2
core/iregister_read/rrd_decode_unit_2     34.1436     0.0     34.1436     0.0000      0.0000  RegisterReadDecode_3
core/iregister_read/rrd_decode_unit_3     30.7692     0.0     30.7692     0.0000      0.0000  RegisterReadDecode_4
core/ll_wbarb                         37.5624      0.0      37.5624      0.0000       0.0000  Arbiter_18
core/memExeUnit                       73.1712      0.0       0.7992      0.0000       0.0000  ALUExeUnit
core/memExeUnit/maddrcalc             72.3720      0.0      72.3720      0.0000       0.0000  MemAddrCalcUnit
core/mem_issue_unit                 6056.1600      1.2    1846.8624      2.7972       0.0000  IssueUnitCollapsing_1
core/mem_issue_unit/slots_0          261.2940      0.1     163.3920     97.9020       0.0000  IssueSlot_24_47
core/mem_issue_unit/slots_1          262.8924      0.1     164.9904     97.9020       0.0000  IssueSlot_24_46
core/mem_issue_unit/slots_10         262.8924      0.1     164.9904     97.9020       0.0000  IssueSlot_24_37
core/mem_issue_unit/slots_11         262.8036      0.1     164.9016     97.9020       0.0000  IssueSlot_24_36
core/mem_issue_unit/slots_12         262.6260      0.1     164.7240     97.9020       0.0000  IssueSlot_24_35
core/mem_issue_unit/slots_13         262.8924      0.1     164.9904     97.9020       0.0000  IssueSlot_24_34
core/mem_issue_unit/slots_14         262.8036      0.1     164.9016     97.9020       0.0000  IssueSlot_24_33
core/mem_issue_unit/slots_15         262.0488      0.1     164.1468     97.9020       0.0000  IssueSlot_24_32
core/mem_issue_unit/slots_2          263.2476      0.1     165.3456     97.9020       0.0000  IssueSlot_24_45
core/mem_issue_unit/slots_3          262.9812      0.1     165.0792     97.9020       0.0000  IssueSlot_24_44
core/mem_issue_unit/slots_4          263.8692      0.1     165.9672     97.9020       0.0000  IssueSlot_24_43
core/mem_issue_unit/slots_5          264.2244      0.1     166.3224     97.9020       0.0000  IssueSlot_24_42
core/mem_issue_unit/slots_6          263.0700      0.1     165.1680     97.9020       0.0000  IssueSlot_24_41
core/mem_issue_unit/slots_7          262.7148      0.1     164.8128     97.9020       0.0000  IssueSlot_24_40
core/mem_issue_unit/slots_8          263.0700      0.1     165.1680     97.9020       0.0000  IssueSlot_24_39
core/mem_issue_unit/slots_9          263.0700      0.1     165.1680     97.9020       0.0000  IssueSlot_24_38
core/rename_stage                  14709.2760      3.0     492.3960    495.1044       0.0000  RenameStage
core/rename_stage/busytable          634.9200      0.1     541.6800     93.2400       0.0000  RenameBusyTable
core/rename_stage/freelist          4239.4452      0.9    2647.8384   1591.6068       0.0000  RenameFreeList
core/rename_stage/maptable          8847.4104      1.8    5407.7868   3439.6236       0.0000  RenameMapTable
core/rob                           14204.2602      2.9    5559.1463   6438.2219       0.0000  Rob
core/rob/rob_debug_inst_mem         2206.8919      0.5       0.8880      0.0000       0.0000  rob_debug_inst_mem
core/rob/rob_debug_inst_mem/rob_debug_inst_mem_ext   2206.0039     0.5      2.2200     0.0000   2203.7839 rob_debug_inst_mem_ext
dcache                             54933.8805     11.3    1071.9048    733.0884       0.0000  BoomNonBlockingDCache
dcache/amoalu                        277.4112      0.1     277.4112      0.0000       0.0000  AMOALU
dcache/data                        33871.5249      6.9      33.9660    954.7776       0.0000  BoomDuplicatedDataArray
dcache/data/array_0_0               4110.3477      0.8       0.4884      0.0000       0.0000  array_0_0
dcache/data/array_0_0/array_0_0_ext   4109.8593     0.8      3.3744      0.0000    4106.4849  array_0_0_ext_7
dcache/data/array_1_0               4110.3477      0.8       0.4884      0.0000       0.0000  array_1_0
dcache/data/array_1_0/array_0_0_ext   4109.8593     0.8      3.3744      0.0000    4106.4849  array_0_0_ext_6
dcache/data/array_2_0               4110.3477      0.8       0.4884      0.0000       0.0000  array_2_0
dcache/data/array_2_0/array_0_0_ext   4109.8593     0.8      3.3744      0.0000    4106.4849  array_0_0_ext_5
dcache/data/array_3_0               4110.3477      0.8       0.4884      0.0000       0.0000  array_3_0
dcache/data/array_3_0/array_0_0_ext   4109.8593     0.8      3.3744      0.0000    4106.4849  array_0_0_ext_4
dcache/data/array_4_0               4110.3477      0.8       0.4884      0.0000       0.0000  array_4_0
dcache/data/array_4_0/array_0_0_ext   4109.8593     0.8      3.3744      0.0000    4106.4849  array_0_0_ext_3
dcache/data/array_5_0               4110.3477      0.8       0.4884      0.0000       0.0000  array_5_0
dcache/data/array_5_0/array_0_0_ext   4109.8593     0.8      3.3744      0.0000    4106.4849  array_0_0_ext_2
dcache/data/array_6_0               4110.3477      0.8       0.4884      0.0000       0.0000  array_6_0
dcache/data/array_6_0/array_0_0_ext   4109.8593     0.8      3.3744      0.0000    4106.4849  array_0_0_ext_1
dcache/data/array_7_0               4110.3477      0.8       0.4884      0.0000       0.0000  array_7_0
dcache/data/array_7_0/array_0_0_ext   4109.8593     0.8      3.3744      0.0000    4106.4849  array_0_0_ext_0
dcache/dataReadArb                    10.3452      0.0      10.3452      0.0000       0.0000  Arbiter_12
dcache/dataWriteArb                   65.4900      0.0      65.4900      0.0000       0.0000  Arbiter_11
dcache/lfsr_prng                      22.6440      0.0       7.7256     14.9184       0.0000  MaxPeriodFibonacciLFSR_1
dcache/lsu_release_arb                14.2080      0.0      14.2080      0.0000       0.0000  Arbiter_14
dcache/metaReadArb                    12.1656      0.0      12.1656      0.0000       0.0000  Arbiter_10
dcache/metaWriteArb                   13.4088      0.0      13.4088      0.0000       0.0000  Arbiter_9
dcache/meta_0                       4418.7494      0.9      16.2948      6.5268       0.0000  L1MetadataArray
dcache/meta_0/tag_array             4395.9278      0.9       0.4884      0.0000       0.0000  tag_array
dcache/meta_0/tag_array/tag_array_ext   4395.4394     0.9      2.7084     0.0000   4392.7310  tag_array_ext
dcache/mshrs                       13369.8166      2.7     267.3768     19.5804       0.0000  BoomMSHRFile
dcache/mshrs/lb_ext                 3201.9503      0.7    1292.3952   1909.5552       0.0000  lb_16x128
dcache/mshrs/lb_read_arb               4.6620      0.0       4.6620      0.0000       0.0000  Arbiter
dcache/mshrs/lb_write_arb              4.0404      0.0       4.0404      0.0000       0.0000  Arbiter_1
dcache/mshrs/meta_read_arb            38.9832      0.0      38.9832      0.0000       0.0000  Arbiter_3
dcache/mshrs/meta_write_arb           32.7672      0.0      32.7672      0.0000       0.0000  Arbiter_2
dcache/mshrs/mmio_alloc_arb            0.0000      0.0       0.0000      0.0000       0.0000  Arbiter_8
dcache/mshrs/mmios_0                 382.6392      0.1     196.1592    186.4800       0.0000  BoomIOMSHR
dcache/mshrs/mshrs_0                1673.0808      0.3     185.4144     87.6456       0.0000  BoomMSHR_3
dcache/mshrs/mshrs_0/rpq            1400.0208      0.3     510.6888    575.2908       0.0000  BranchKillableQueue_3
dcache/mshrs/mshrs_0/rpq/ram_ext     314.0412      0.1     135.0204    179.0208       0.0000  ram_16x46_3
dcache/mshrs/mshrs_1                1673.0808      0.3     185.4144     87.6456       0.0000  BoomMSHR_2
dcache/mshrs/mshrs_1/rpq            1400.0208      0.3     510.6888    575.2908       0.0000  BranchKillableQueue_2
dcache/mshrs/mshrs_1/rpq/ram_ext     314.0412      0.1     135.0204    179.0208       0.0000  ram_16x46_2
dcache/mshrs/mshrs_2                1673.5248      0.3     185.5920     87.6456       0.0000  BoomMSHR_1
dcache/mshrs/mshrs_2/rpq            1400.2872      0.3     510.6888    575.2908       0.0000  BranchKillableQueue_1
dcache/mshrs/mshrs_2/rpq/ram_ext     314.3076      0.1     135.2868    179.0208       0.0000  ram_16x46_1
dcache/mshrs/mshrs_3                1673.3916      0.3     185.4588     87.6456       0.0000  BoomMSHR_0
dcache/mshrs/mshrs_3/rpq            1400.2872      0.3     510.6888    575.2908       0.0000  BranchKillableQueue_0
dcache/mshrs/mshrs_3/rpq/ram_ext     314.3076      0.1     135.2868    179.0208       0.0000  ram_16x46_0
dcache/mshrs/refill_arb               19.4028      0.0      19.4028      0.0000       0.0000  Arbiter_7
dcache/mshrs/replay_arb              100.8768      0.0     100.8768      0.0000       0.0000  Arbiter_5
dcache/mshrs/resp_arb                138.1284      0.0     138.1284      0.0000       0.0000  Arbiter_6
dcache/mshrs/respq                   686.2464      0.1     130.3140    116.5500       0.0000  BranchKillableQueue_4
dcache/mshrs/respq/ram_ext           439.3824      0.1     196.9584    242.4240       0.0000  ram_4x65
dcache/mshrs/sdq_ext                1738.2600      0.4     723.8088   1014.4512       0.0000  sdq_17x64
dcache/mshrs/wb_req_arb               41.8248      0.0      41.8248      0.0000       0.0000  Arbiter_4
dcache/prober                         93.6840      0.0      42.4020     51.2820       0.0000  BoomProbeUnit
dcache/wb                            942.0348      0.2     417.0936    524.9412       0.0000  BoomWritebackUnit
dcache/wbArb                          17.4048      0.0      17.4048      0.0000       0.0000  Arbiter_13
frontend                          254108.3620     52.1    1635.7404    290.9088       0.0000  BoomFrontend
frontend/bpd                      161579.1912     33.1     675.9012    127.7388       0.0000  BranchPredictor
frontend/bpd/banked_predictors_0   80382.4254     16.5       0.7548      0.0000       0.0000  ComposedBranchPredictorBank_1
frontend/bpd/banked_predictors_0/bim  18651.4268     3.8     60.8280   101.6316       0.0000  BIMBranchPredictorBank_1
frontend/bpd/banked_predictors_0/bim/data  18488.9672     3.8      0.4884     0.0000      0.0000 data_1
frontend/bpd/banked_predictors_0/bim/data/data_ext  18488.4788     3.8     15.0960     0.0000  18473.3828 data_ext_1
frontend/bpd/banked_predictors_0/btb  13469.6312     2.8    743.7888   487.6452       0.0000  BTBBranchPredictorBank_1
frontend/bpd/banked_predictors_0/btb/btb_0   2064.2129     0.4      0.4884     0.0000      0.0000 btb_0_1
frontend/bpd/banked_predictors_0/btb/btb_0/btb_0_ext   2063.7245     0.4      3.0636     0.0000   2060.6609 btb_0_ext_3
frontend/bpd/banked_predictors_0/btb/btb_1   2064.2129     0.4      0.4884     0.0000      0.0000 btb_1_1
frontend/bpd/banked_predictors_0/btb/btb_1/btb_0_ext   2063.7245     0.4      3.0636     0.0000   2060.6609 btb_0_ext_2
frontend/bpd/banked_predictors_0/btb/ebtb   2064.2129     0.4      0.4884     0.0000      0.0000 ebtb_1
frontend/bpd/banked_predictors_0/btb/ebtb/ebtb_ext   2063.7245     0.4      3.0636     0.0000   2060.6609 ebtb_ext_1
frontend/bpd/banked_predictors_0/btb/meta_0   3022.7793     0.6      0.4884     0.0000      0.0000 meta_0_1
frontend/bpd/banked_predictors_0/btb/meta_0/meta_0_ext   3022.2909     0.6      3.0636     0.0000   3019.2273 meta_0_ext_3
frontend/bpd/banked_predictors_0/btb/meta_1   3022.7793     0.6      0.4884     0.0000      0.0000 meta_1_1
frontend/bpd/banked_predictors_0/btb/meta_1/meta_0_ext   3022.2909     0.6      3.0636     0.0000   3019.2273 meta_0_ext_2
frontend/bpd/banked_predictors_0/loop   5693.5007     1.2      6.3936   160.3728      0.0000  LoopBranchPredictorBank_1
frontend/bpd/banked_predictors_0/loop/columns_0   1381.6836     0.3    704.7612   676.9224      0.0000 LoopBranchPredictorColumn_7
frontend/bpd/banked_predictors_0/loop/columns_1   1381.6836     0.3    704.7612   676.9224      0.0000 LoopBranchPredictorColumn_6
frontend/bpd/banked_predictors_0/loop/columns_2   1381.6836     0.3    704.7612   676.9224      0.0000 LoopBranchPredictorColumn_5
frontend/bpd/banked_predictors_0/loop/columns_3   1381.6836     0.3    704.7612   676.9224      0.0000 LoopBranchPredictorColumn_4
frontend/bpd/banked_predictors_0/tage  35204.1711     7.2    209.0352   336.5964      0.0000  TageBranchPredictorBank_1
frontend/bpd/banked_predictors_0/tage/alloc_lfsr_prng      7.9476     0.0      2.3532     5.5944      0.0000 MaxPeriodFibonacciLFSR_3_7
frontend/bpd/banked_predictors_0/tage/alloc_lfsr_prng_1      7.9476     0.0      2.3532     5.5944      0.0000 MaxPeriodFibonacciLFSR_3_6
frontend/bpd/banked_predictors_0/tage/alloc_lfsr_prng_2      7.9476     0.0      2.3532     5.5944      0.0000 MaxPeriodFibonacciLFSR_3_5
frontend/bpd/banked_predictors_0/tage/alloc_lfsr_prng_3      7.9476     0.0      2.3532     5.5944      0.0000 MaxPeriodFibonacciLFSR_3_4
frontend/bpd/banked_predictors_0/tage/t   4643.7444     1.0    144.3888   103.4964      0.0000 TageTable_6
frontend/bpd/banked_predictors_0/tage/t/hi_us   1165.7344     0.2      0.8880     0.0000      0.0000 hi_us_6
frontend/bpd/banked_predictors_0/tage/t/hi_us/hi_us_ext   1164.8464     0.2      2.8416     0.0000   1162.0048 hi_us_ext_15
frontend/bpd/banked_predictors_0/tage/t/lo_us   1165.7344     0.2      0.8880     0.0000      0.0000 lo_us_6
frontend/bpd/banked_predictors_0/tage/t/lo_us/hi_us_ext   1164.8464     0.2      2.8416     0.0000   1162.0048 hi_us_ext_14
frontend/bpd/banked_predictors_0/tage/t/table_0   2064.3905     0.4      0.8880     0.0000      0.0000 table_0_2
frontend/bpd/banked_predictors_0/tage/t/table_0/table_ext   2063.5025     0.4      2.8416     0.0000   2060.6609 table_ext_3
frontend/bpd/banked_predictors_0/tage/t_1   4647.0744     1.0    147.7188   103.4964      0.0000 TageTable_1_1
frontend/bpd/banked_predictors_0/tage/t_1/hi_us   1165.7344     0.2      0.8880     0.0000      0.0000 hi_us_0_1
frontend/bpd/banked_predictors_0/tage/t_1/hi_us/hi_us_ext   1164.8464     0.2      2.8416     0.0000   1162.0048 hi_us_ext_13
frontend/bpd/banked_predictors_0/tage/t_1/lo_us   1165.7344     0.2      0.8880     0.0000      0.0000 lo_us_0_1
frontend/bpd/banked_predictors_0/tage/t_1/lo_us/hi_us_ext   1164.8464     0.2      2.8416     0.0000   1162.0048 hi_us_ext_12
frontend/bpd/banked_predictors_0/tage/t_1/table_0   2064.3905     0.4      0.8880     0.0000      0.0000 table_0_0_1
frontend/bpd/banked_predictors_0/tage/t_1/table_0/table_ext   2063.5025     0.4      2.8416     0.0000   2060.6609 table_ext_2
frontend/bpd/banked_predictors_0/tage/t_2   7932.0242     1.6    163.4364   110.0232      0.0000 TageTable_2_1
frontend/bpd/banked_predictors_0/tage/t_2/hi_us   2253.3029     0.5      0.8880     0.0000      0.0000 hi_us_1_1
frontend/bpd/banked_predictors_0/tage/t_2/hi_us/hi_us_0_ext   2252.4149     0.5      3.1524     0.0000   2249.2625 hi_us_0_ext_7
frontend/bpd/banked_predictors_0/tage/t_2/lo_us   2253.3029     0.5      0.8880     0.0000      0.0000 lo_us_1_1
frontend/bpd/banked_predictors_0/tage/t_2/lo_us/hi_us_0_ext   2252.4149     0.5      3.1524     0.0000   2249.2625 hi_us_0_ext_6
frontend/bpd/banked_predictors_0/tage/t_2/table_0   3151.9589     0.6      0.8880     0.0000      0.0000 table_1_1
frontend/bpd/banked_predictors_0/tage/t_2/table_0/table_0_ext   3151.0709     0.6      3.1524     0.0000   3147.9185 table_0_ext_3
frontend/bpd/banked_predictors_0/tage/t_3   7939.4390     1.6    170.8512   110.0232      0.0000 TageTable_3_1
frontend/bpd/banked_predictors_0/tage/t_3/hi_us   2253.3029     0.5      0.8880     0.0000      0.0000 hi_us_2_1
frontend/bpd/banked_predictors_0/tage/t_3/hi_us/hi_us_0_ext   2252.4149     0.5      3.1524     0.0000   2249.2625 hi_us_0_ext_5
frontend/bpd/banked_predictors_0/tage/t_3/lo_us   2253.3029     0.5      0.8880     0.0000      0.0000 lo_us_2_1
frontend/bpd/banked_predictors_0/tage/t_3/lo_us/hi_us_0_ext   2252.4149     0.5      3.1524     0.0000   2249.2625 hi_us_0_ext_4
frontend/bpd/banked_predictors_0/tage/t_3/table_0   3151.9589     0.6      0.8880     0.0000      0.0000 table_2_1
frontend/bpd/banked_predictors_0/tage/t_3/table_0/table_0_ext   3151.0709     0.6      3.1524     0.0000   3147.9185 table_0_ext_2
frontend/bpd/banked_predictors_0/tage/t_4   4705.7712     1.0    200.8212   109.0908      0.0000 TageTable_4_1
frontend/bpd/banked_predictors_0/tage/t_4/hi_us   1165.7344     0.2      0.8880     0.0000      0.0000 hi_us_3_1
frontend/bpd/banked_predictors_0/tage/t_4/hi_us/hi_us_ext   1164.8464     0.2      2.8416     0.0000   1162.0048 hi_us_ext_11
frontend/bpd/banked_predictors_0/tage/t_4/lo_us   1165.7344     0.2      0.8880     0.0000      0.0000 lo_us_3_1
frontend/bpd/banked_predictors_0/tage/t_4/lo_us/hi_us_ext   1164.8464     0.2      2.8416     0.0000   1162.0048 hi_us_ext_10
frontend/bpd/banked_predictors_0/tage/t_4/table_0   2064.3905     0.4      0.8880     0.0000      0.0000 table_3_1
frontend/bpd/banked_predictors_0/tage/t_4/table_0/table_1_ext   2063.5025     0.4      2.8416     0.0000   2060.6609 table_1_ext_3
frontend/bpd/banked_predictors_0/tage/t_5   4758.6960     1.0    253.7460   109.0908      0.0000 TageTable_5_1
frontend/bpd/banked_predictors_0/tage/t_5/hi_us   1165.7344     0.2      0.8880     0.0000      0.0000 hi_us_4_1
frontend/bpd/banked_predictors_0/tage/t_5/hi_us/hi_us_ext   1164.8464     0.2      2.8416     0.0000   1162.0048 hi_us_ext_9
frontend/bpd/banked_predictors_0/tage/t_5/lo_us   1165.7344     0.2      0.8880     0.0000      0.0000 lo_us_4_1
frontend/bpd/banked_predictors_0/tage/t_5/lo_us/hi_us_ext   1164.8464     0.2      2.8416     0.0000   1162.0048 hi_us_ext_8
frontend/bpd/banked_predictors_0/tage/t_5/table_0   2064.3905     0.4      0.8880     0.0000      0.0000 table_4_1
frontend/bpd/banked_predictors_0/tage/t_5/table_0/table_1_ext   2063.5025     0.4      2.8416     0.0000   2060.6609 table_1_ext_2
frontend/bpd/banked_predictors_0/ubtb   7362.9407     1.5   3820.7531  3542.1876      0.0000  FAMicroBTBBranchPredictorBank_1
frontend/bpd/banked_predictors_1   80393.1258     16.5       1.0212      0.0000       0.0000  ComposedBranchPredictorBank_0
frontend/bpd/banked_predictors_1/bim  18651.1604     3.8     60.5616   101.6316       0.0000  BIMBranchPredictorBank_0
frontend/bpd/banked_predictors_1/bim/data  18488.9672     3.8      0.4884     0.0000      0.0000 data_0
frontend/bpd/banked_predictors_1/bim/data/data_ext  18488.4788     3.8     15.0960     0.0000  18473.3828 data_ext_0
frontend/bpd/banked_predictors_1/btb  13466.1680     2.8    740.3256   487.6452       0.0000  BTBBranchPredictorBank_0
frontend/bpd/banked_predictors_1/btb/btb_0   2064.2129     0.4      0.4884     0.0000      0.0000 btb_0_0
frontend/bpd/banked_predictors_1/btb/btb_0/btb_0_ext   2063.7245     0.4      3.0636     0.0000   2060.6609 btb_0_ext_1
frontend/bpd/banked_predictors_1/btb/btb_1   2064.2129     0.4      0.4884     0.0000      0.0000 btb_1_0
frontend/bpd/banked_predictors_1/btb/btb_1/btb_0_ext   2063.7245     0.4      3.0636     0.0000   2060.6609 btb_0_ext_0
frontend/bpd/banked_predictors_1/btb/ebtb   2064.2129     0.4      0.4884     0.0000      0.0000 ebtb_0
frontend/bpd/banked_predictors_1/btb/ebtb/ebtb_ext   2063.7245     0.4      3.0636     0.0000   2060.6609 ebtb_ext_0
frontend/bpd/banked_predictors_1/btb/meta_0   3022.7793     0.6      0.4884     0.0000      0.0000 meta_0_0
frontend/bpd/banked_predictors_1/btb/meta_0/meta_0_ext   3022.2909     0.6      3.0636     0.0000   3019.2273 meta_0_ext_1
frontend/bpd/banked_predictors_1/btb/meta_1   3022.7793     0.6      0.4884     0.0000      0.0000 meta_1_0
frontend/bpd/banked_predictors_1/btb/meta_1/meta_0_ext   3022.2909     0.6      3.0636     0.0000   3019.2273 meta_0_ext_0
frontend/bpd/banked_predictors_1/loop   5693.5007     1.2      6.3936   160.3728      0.0000  LoopBranchPredictorBank_0
frontend/bpd/banked_predictors_1/loop/columns_0   1381.6836     0.3    704.7612   676.9224      0.0000 LoopBranchPredictorColumn_3
frontend/bpd/banked_predictors_1/loop/columns_1   1381.6836     0.3    704.7612   676.9224      0.0000 LoopBranchPredictorColumn_2
frontend/bpd/banked_predictors_1/loop/columns_2   1381.6836     0.3    704.7612   676.9224      0.0000 LoopBranchPredictorColumn_1
frontend/bpd/banked_predictors_1/loop/columns_3   1381.6836     0.3    704.7612   676.9224      0.0000 LoopBranchPredictorColumn_0
frontend/bpd/banked_predictors_1/tage  35203.9047     7.2    209.0352   336.5964      0.0000  TageBranchPredictorBank_0
frontend/bpd/banked_predictors_1/tage/alloc_lfsr_prng      7.9476     0.0      2.3532     5.5944      0.0000 MaxPeriodFibonacciLFSR_3_3
frontend/bpd/banked_predictors_1/tage/alloc_lfsr_prng_1      7.9476     0.0      2.3532     5.5944      0.0000 MaxPeriodFibonacciLFSR_3_2
frontend/bpd/banked_predictors_1/tage/alloc_lfsr_prng_2      7.9476     0.0      2.3532     5.5944      0.0000 MaxPeriodFibonacciLFSR_3_1
frontend/bpd/banked_predictors_1/tage/alloc_lfsr_prng_3      7.9476     0.0      2.3532     5.5944      0.0000 MaxPeriodFibonacciLFSR_3_0
frontend/bpd/banked_predictors_1/tage/t   4643.7444     1.0    144.3888   103.4964      0.0000 TageTable_0
frontend/bpd/banked_predictors_1/tage/t/hi_us   1165.7344     0.2      0.8880     0.0000      0.0000 hi_us_5
frontend/bpd/banked_predictors_1/tage/t/hi_us/hi_us_ext   1164.8464     0.2      2.8416     0.0000   1162.0048 hi_us_ext_7
frontend/bpd/banked_predictors_1/tage/t/lo_us   1165.7344     0.2      0.8880     0.0000      0.0000 lo_us_5
frontend/bpd/banked_predictors_1/tage/t/lo_us/hi_us_ext   1164.8464     0.2      2.8416     0.0000   1162.0048 hi_us_ext_6
frontend/bpd/banked_predictors_1/tage/t/table_0   2064.3905     0.4      0.8880     0.0000      0.0000 table_0_1
frontend/bpd/banked_predictors_1/tage/t/table_0/table_ext   2063.5025     0.4      2.8416     0.0000   2060.6609 table_ext_1
frontend/bpd/banked_predictors_1/tage/t_1   4647.0744     1.0    147.7188   103.4964      0.0000 TageTable_1_0
frontend/bpd/banked_predictors_1/tage/t_1/hi_us   1165.7344     0.2      0.8880     0.0000      0.0000 hi_us_0_0
frontend/bpd/banked_predictors_1/tage/t_1/hi_us/hi_us_ext   1164.8464     0.2      2.8416     0.0000   1162.0048 hi_us_ext_5
frontend/bpd/banked_predictors_1/tage/t_1/lo_us   1165.7344     0.2      0.8880     0.0000      0.0000 lo_us_0_0
frontend/bpd/banked_predictors_1/tage/t_1/lo_us/hi_us_ext   1164.8464     0.2      2.8416     0.0000   1162.0048 hi_us_ext_4
frontend/bpd/banked_predictors_1/tage/t_1/table_0   2064.3905     0.4      0.8880     0.0000      0.0000 table_0_0_0
frontend/bpd/banked_predictors_1/tage/t_1/table_0/table_ext   2063.5025     0.4      2.8416     0.0000   2060.6609 table_ext_0
frontend/bpd/banked_predictors_1/tage/t_2   7932.0242     1.6    163.4364   110.0232      0.0000 TageTable_2_0
frontend/bpd/banked_predictors_1/tage/t_2/hi_us   2253.3029     0.5      0.8880     0.0000      0.0000 hi_us_1_0
frontend/bpd/banked_predictors_1/tage/t_2/hi_us/hi_us_0_ext   2252.4149     0.5      3.1524     0.0000   2249.2625 hi_us_0_ext_3
frontend/bpd/banked_predictors_1/tage/t_2/lo_us   2253.3029     0.5      0.8880     0.0000      0.0000 lo_us_1_0
frontend/bpd/banked_predictors_1/tage/t_2/lo_us/hi_us_0_ext   2252.4149     0.5      3.1524     0.0000   2249.2625 hi_us_0_ext_2
frontend/bpd/banked_predictors_1/tage/t_2/table_0   3151.9589     0.6      0.8880     0.0000      0.0000 table_1_0
frontend/bpd/banked_predictors_1/tage/t_2/table_0/table_0_ext   3151.0709     0.6      3.1524     0.0000   3147.9185 table_0_ext_1
frontend/bpd/banked_predictors_1/tage/t_3   7939.4390     1.6    170.8512   110.0232      0.0000 TageTable_3_0
frontend/bpd/banked_predictors_1/tage/t_3/hi_us   2253.3029     0.5      0.8880     0.0000      0.0000 hi_us_2_0
frontend/bpd/banked_predictors_1/tage/t_3/hi_us/hi_us_0_ext   2252.4149     0.5      3.1524     0.0000   2249.2625 hi_us_0_ext_1
frontend/bpd/banked_predictors_1/tage/t_3/lo_us   2253.3029     0.5      0.8880     0.0000      0.0000 lo_us_2_0
frontend/bpd/banked_predictors_1/tage/t_3/lo_us/hi_us_0_ext   2252.4149     0.5      3.1524     0.0000   2249.2625 hi_us_0_ext_0
frontend/bpd/banked_predictors_1/tage/t_3/table_0   3151.9589     0.6      0.8880     0.0000      0.0000 table_2_0
frontend/bpd/banked_predictors_1/tage/t_3/table_0/table_0_ext   3151.0709     0.6      3.1524     0.0000   3147.9185 table_0_ext_0
frontend/bpd/banked_predictors_1/tage/t_4   4705.5048     1.0    200.5548   109.0908      0.0000 TageTable_4_0
frontend/bpd/banked_predictors_1/tage/t_4/hi_us   1165.7344     0.2      0.8880     0.0000      0.0000 hi_us_3_0
frontend/bpd/banked_predictors_1/tage/t_4/hi_us/hi_us_ext   1164.8464     0.2      2.8416     0.0000   1162.0048 hi_us_ext_3
frontend/bpd/banked_predictors_1/tage/t_4/lo_us   1165.7344     0.2      0.8880     0.0000      0.0000 lo_us_3_0
frontend/bpd/banked_predictors_1/tage/t_4/lo_us/hi_us_ext   1164.8464     0.2      2.8416     0.0000   1162.0048 hi_us_ext_2
frontend/bpd/banked_predictors_1/tage/t_4/table_0   2064.3905     0.4      0.8880     0.0000      0.0000 table_3_0
frontend/bpd/banked_predictors_1/tage/t_4/table_0/table_1_ext   2063.5025     0.4      2.8416     0.0000   2060.6609 table_1_ext_1
frontend/bpd/banked_predictors_1/tage/t_5   4758.6960     1.0    253.7460   109.0908      0.0000 TageTable_5_0
frontend/bpd/banked_predictors_1/tage/t_5/hi_us   1165.7344     0.2      0.8880     0.0000      0.0000 hi_us_4_0
frontend/bpd/banked_predictors_1/tage/t_5/hi_us/hi_us_ext   1164.8464     0.2      2.8416     0.0000   1162.0048 hi_us_ext_1
frontend/bpd/banked_predictors_1/tage/t_5/lo_us   1165.7344     0.2      0.8880     0.0000      0.0000 lo_us_4_0
frontend/bpd/banked_predictors_1/tage/t_5/lo_us/hi_us_ext   1164.8464     0.2      2.8416     0.0000   1162.0048 hi_us_ext_0
frontend/bpd/banked_predictors_1/tage/t_5/table_0   2064.3905     0.4      0.8880     0.0000      0.0000 table_4_0
frontend/bpd/banked_predictors_1/tage/t_5/table_0/table_1_ext   2063.5025     0.4      2.8416     0.0000   2060.6609 table_1_ext_0
frontend/bpd/banked_predictors_1/ubtb   7377.3707     1.5   3835.1831  3542.1876      0.0000  FAMicroBTBBranchPredictorBank_0
frontend/bpd_decoder                  50.8380      0.0      50.8380      0.0000       0.0000  BranchDecode_7
frontend/bpd_decoder0                 50.8824      0.0      50.8824      0.0000       0.0000  BranchDecode_9
frontend/bpd_decoder0b                50.8824      0.0      50.8824      0.0000       0.0000  BranchDecode_3
frontend/bpd_decoder1                 51.3708      0.0      51.3708      0.0000       0.0000  BranchDecode_8
frontend/bpd_decoder1_1               51.3708      0.0      51.3708      0.0000       0.0000  BranchDecode_4
frontend/bpd_decoder_1                49.9944      0.0      49.9944      0.0000       0.0000  BranchDecode_6
frontend/bpd_decoder_2                50.8824      0.0      50.8824      0.0000       0.0000  BranchDecode_5
frontend/bpd_decoder_3                50.8380      0.0      50.8380      0.0000       0.0000  BranchDecode_2
frontend/bpd_decoder_4                49.9944      0.0      49.9944      0.0000       0.0000  BranchDecode_1
frontend/bpd_decoder_5                50.8824      0.0      50.8824      0.0000       0.0000  BranchDecode_0
frontend/bpd_update_arbiter          172.7604      0.0     172.7604      0.0000       0.0000  Arbiter_15
frontend/exp_inst0_rvc_exp            73.7040      0.0      73.7040      0.0000       0.0000  RVCExpander_9
frontend/exp_inst0b_rvc_exp           73.7040      0.0      73.7040      0.0000       0.0000  RVCExpander_3
frontend/exp_inst1_rvc_exp            73.7040      0.0      73.7040      0.0000       0.0000  RVCExpander_8
frontend/exp_inst1_rvc_exp_1          73.7040      0.0      73.7040      0.0000       0.0000  RVCExpander_4
frontend/exp_inst_rvc_exp             73.7040      0.0      73.7040      0.0000       0.0000  RVCExpander_7
frontend/exp_inst_rvc_exp_1           73.7040      0.0      73.7040      0.0000       0.0000  RVCExpander_6
frontend/exp_inst_rvc_exp_2           68.4204      0.0      68.4204      0.0000       0.0000  RVCExpander_5
frontend/exp_inst_rvc_exp_3           73.6152      0.0      73.6152      0.0000       0.0000  RVCExpander_2
frontend/exp_inst_rvc_exp_4           73.7040      0.0      73.7040      0.0000       0.0000  RVCExpander_1
frontend/exp_inst_rvc_exp_5           68.2428      0.0      68.2428      0.0000       0.0000  RVCExpander_0
frontend/f3                          354.9336      0.1     121.8336    233.1000       0.0000  Queue_66
frontend/f3_bpd_resp                1050.4152      0.2     525.4740    524.9412       0.0000  Queue_67
frontend/f4                         1264.6896      0.3     432.0564    832.6332       0.0000  Queue_69
frontend/f4_btb_corrections         1110.4440      0.2       4.0848      2.7972       0.0000  Queue_68
frontend/f4_btb_corrections/ram_ext   1103.5620     0.2    475.1244    628.4376       0.0000  ram_2x412
frontend/fb                         6476.5392      1.3    4677.9396   1798.5996       0.0000  FetchBuffer
frontend/ftq                       16892.0655      3.5    4525.6031   3556.1736       0.0000  FetchTargetQueue
frontend/ftq/ghist_0                2207.1139      0.5       0.8880      0.0000       0.0000  ghist_0
frontend/ftq/ghist_0/ghist_0_ext    2206.2259      0.5       2.4420      0.0000    2203.7839  ghist_0_ext_1
frontend/ftq/ghist_1                2207.1139      0.5       0.8880      0.0000       0.0000  ghist_1
frontend/ftq/ghist_1/ghist_0_ext    2206.2259      0.5       2.4420      0.0000    2203.7839  ghist_0_ext_0
frontend/ftq/meta                   4396.0610      0.9       0.8880      0.0000       0.0000  meta
frontend/ftq/meta/meta_ext          4395.1730      0.9       2.4420      0.0000    4392.7310  meta_ext
frontend/icache                    57214.3467     11.7     931.1124   1478.7864       0.0000  ICache
frontend/icache/dataArrayB0Way_0    3149.2505      0.6       0.4884      0.0000       0.0000  dataArrayB0Way_0
frontend/icache/dataArrayB0Way_0/dataArrayB0Way_0_ext   3148.7621     0.6      0.8436     0.0000   3147.9185 dataArrayB0Way_0_ext_15
frontend/icache/dataArrayB0Way_1    3149.2505      0.6       0.4884      0.0000       0.0000  dataArrayB0Way_1
frontend/icache/dataArrayB0Way_1/dataArrayB0Way_0_ext   3148.7621     0.6      0.8436     0.0000   3147.9185 dataArrayB0Way_0_ext_14
frontend/icache/dataArrayB0Way_2    3149.2505      0.6       0.4884      0.0000       0.0000  dataArrayB0Way_2
frontend/icache/dataArrayB0Way_2/dataArrayB0Way_0_ext   3148.7621     0.6      0.8436     0.0000   3147.9185 dataArrayB0Way_0_ext_13
frontend/icache/dataArrayB0Way_3    3149.2505      0.6       0.4884      0.0000       0.0000  dataArrayB0Way_3
frontend/icache/dataArrayB0Way_3/dataArrayB0Way_0_ext   3148.7621     0.6      0.8436     0.0000   3147.9185 dataArrayB0Way_0_ext_12
frontend/icache/dataArrayB0Way_4    3149.2505      0.6       0.4884      0.0000       0.0000  dataArrayB0Way_4
frontend/icache/dataArrayB0Way_4/dataArrayB0Way_0_ext   3148.7621     0.6      0.8436     0.0000   3147.9185 dataArrayB0Way_0_ext_11
frontend/icache/dataArrayB0Way_5    3149.2505      0.6       0.4884      0.0000       0.0000  dataArrayB0Way_5
frontend/icache/dataArrayB0Way_5/dataArrayB0Way_0_ext   3148.7621     0.6      0.8436     0.0000   3147.9185 dataArrayB0Way_0_ext_10
frontend/icache/dataArrayB0Way_6    3149.2505      0.6       0.4884      0.0000       0.0000  dataArrayB0Way_6
frontend/icache/dataArrayB0Way_6/dataArrayB0Way_0_ext   3148.7621     0.6      0.8436     0.0000   3147.9185 dataArrayB0Way_0_ext_9
frontend/icache/dataArrayB0Way_7    3149.2505      0.6       0.4884      0.0000       0.0000  dataArrayB0Way_7
frontend/icache/dataArrayB0Way_7/dataArrayB0Way_0_ext   3148.7621     0.6      0.8436     0.0000   3147.9185 dataArrayB0Way_0_ext_8
frontend/icache/dataArrayB1Way_0    3149.2505      0.6       0.4884      0.0000       0.0000  dataArrayB1Way_0
frontend/icache/dataArrayB1Way_0/dataArrayB0Way_0_ext   3148.7621     0.6      0.8436     0.0000   3147.9185 dataArrayB0Way_0_ext_7
frontend/icache/dataArrayB1Way_1    3149.2505      0.6       0.4884      0.0000       0.0000  dataArrayB1Way_1
frontend/icache/dataArrayB1Way_1/dataArrayB0Way_0_ext   3148.7621     0.6      0.8436     0.0000   3147.9185 dataArrayB0Way_0_ext_6
frontend/icache/dataArrayB1Way_2    3149.2505      0.6       0.4884      0.0000       0.0000  dataArrayB1Way_2
frontend/icache/dataArrayB1Way_2/dataArrayB0Way_0_ext   3148.7621     0.6      0.8436     0.0000   3147.9185 dataArrayB0Way_0_ext_5
frontend/icache/dataArrayB1Way_3    3149.2505      0.6       0.4884      0.0000       0.0000  dataArrayB1Way_3
frontend/icache/dataArrayB1Way_3/dataArrayB0Way_0_ext   3148.7621     0.6      0.8436     0.0000   3147.9185 dataArrayB0Way_0_ext_4
frontend/icache/dataArrayB1Way_4    3149.2505      0.6       0.4884      0.0000       0.0000  dataArrayB1Way_4
frontend/icache/dataArrayB1Way_4/dataArrayB0Way_0_ext   3148.7621     0.6      0.8436     0.0000   3147.9185 dataArrayB0Way_0_ext_3
frontend/icache/dataArrayB1Way_5    3149.2505      0.6       0.4884      0.0000       0.0000  dataArrayB1Way_5
frontend/icache/dataArrayB1Way_5/dataArrayB0Way_0_ext   3148.7621     0.6      0.8436     0.0000   3147.9185 dataArrayB0Way_0_ext_2
frontend/icache/dataArrayB1Way_6    3149.2505      0.6       0.4884      0.0000       0.0000  dataArrayB1Way_6
frontend/icache/dataArrayB1Way_6/dataArrayB0Way_0_ext   3148.7621     0.6      0.8436     0.0000   3147.9185 dataArrayB0Way_0_ext_1
frontend/icache/dataArrayB1Way_7    3149.2505      0.6       0.4884      0.0000       0.0000  dataArrayB1Way_7
frontend/icache/dataArrayB1Way_7/dataArrayB0Way_0_ext   3148.7621     0.6      0.8436     0.0000   3147.9185 dataArrayB0Way_0_ext_0
frontend/icache/repl_way_prng         22.3776      0.0       7.4592     14.9184       0.0000  MaxPeriodFibonacciLFSR_0
frontend/icache/tag_array           4394.0630      0.9       0.4884      0.0000       0.0000  tag_array_0
frontend/icache/tag_array/tag_array_0_ext   4393.5746     0.9      0.8436     0.0000   4392.7310 tag_array_0_ext
frontend/ras                        2009.5884      0.4     772.2936   1237.2948       0.0000  BoomRAS
frontend/tlb                        2822.5968      0.6    1057.7856   1294.1712       0.0000  TLB
frontend/tlb/pmp                     470.6400      0.1     470.6400      0.0000       0.0000  PMPChecker
hellaCacheArb                          0.0000      0.0       0.0000      0.0000       0.0000  HellaCacheArbiter
intXbar                                0.0000      0.0       0.0000      0.0000       0.0000  IntXbar_1
lsu                                21110.7346      4.3   11781.8951   7306.2863       0.0000  LSU
lsu/dtlb                            1981.0836      0.4     735.8412    870.8616       0.0000  NBDTLB
lsu/dtlb/pmp_0                       374.3808      0.1     374.3808      0.0000       0.0000  PMPChecker_1
lsu/forwarding_age_logic_0            41.4696      0.0      41.4696      0.0000       0.0000  ForwardingAgeLogic
ptw                                 9503.1153      1.9    1675.4340   1502.0964       0.0000  PTW
ptw/arb                               13.3644      0.0      13.3644      0.0000       0.0000  Arbiter_20
ptw/l2_tlb_ram_0                    6312.2205      1.3       0.4884      0.0000       0.0000  l2_tlb_ram_0
ptw/l2_tlb_ram_0/l2_tlb_ram_0_ext   6311.7321      1.3      15.8952      0.0000    6295.8369  l2_tlb_ram_0_ext
ptw/r_pte_barrier                      0.0000      0.0       0.0000      0.0000       0.0000  OptimizationBarrier_42
tlMasterXbar                          93.4176      0.0      84.0936      9.3240       0.0000  TLXbar_8
--------------------------------  -----------  -------  -----------  ----------  -----------  -------------------------------
Total                                                   158843.7512  92580.8808  236354.7327

1
